Drill report for /home/henrik/git/CableAgeing2/kicad/rs-232_opto_adapter_voltage/opto_board.kicad_pcb
Created on ons 29 jan 2020 22:32:49

Copper Layer Stackup:
    =============================================================
    L1 :  F.Cu                      front
    L2 :  B.Cu                      back


Drill file 'opto_board-PTH.drl' contains
    plated through holes:
    =============================================================
    T1  0,40mm  0,016"  (12 holes)
    T2  0,76mm  0,030"  (9 holes)
    T3  0,80mm  0,031"  (38 holes)
    T4  0,90mm  0,035"  (6 holes)
    T5  1,00mm  0,039"  (61 holes)
    T6  1,10mm  0,043"  (4 holes)
    T7  1,20mm  0,047"  (14 holes)
    T8  3,20mm  0,126"  (2 holes)

    Total plated holes count 146


Drill file 'opto_board-NPTH.drl' contains
    unplated through holes:
    =============================================================

    Total unplated holes count 0
